# JRE version: OpenJDK Runtime Environment (8.0_242-b08) (build 1.8.0_242-b08)
# Java VM: OpenJDK 64-Bit Server VM (25.242-b08 mixed mode bsd-amd64 compressed oops)
Heap:
 PSYoungGen      total 206848K, used 103079K [0x0000000795580000, 0x00000007a8200000, 0x00000007c0000000)
  eden space 188416K, 45% used [0x0000000795580000,0x000000079a8a2728,0x00000007a0d80000)
  from space 18432K, 97% used [0x00000007a7000000,0x00000007a8187550,0x00000007a8200000)
  to   space 26112K, 0% used [0x00000007a4f00000,0x00000007a4f00000,0x00000007a6880000)
 ParOldGen       total 175104K, used 37440K [0x0000000740000000, 0x000000074ab00000, 0x0000000795580000)
  object space 175104K, 21% used [0x0000000740000000,0x0000000742490100,0x000000074ab00000)
 Metaspace       used 27375K, capacity 28408K, committed 28672K, reserved 1075200K
  class space    used 3097K, capacity 3513K, committed 3584K, reserved 1048576K
GC Heap History (10 events):
Event: 3,008 GC heap before
{Heap before GC invocations=3 (full 0):
 PSYoungGen      total 76288K, used 76282K [0x0000000795580000, 0x000000079ea80000, 0x00000007c0000000)
  eden space 65536K, 100% used [0x0000000795580000,0x0000000799580000,0x0000000799580000)
  from space 10752K, 99% used [0x000000079a000000,0x000000079aa7e980,0x000000079aa80000)
  to   space 10752K, 0% used [0x0000000799580000,0x0000000799580000,0x000000079a000000)
 ParOldGen       total 175104K, used 1626K [0x0000000740000000, 0x000000074ab00000, 0x0000000795580000)
  object space 175104K, 0% used [0x0000000740000000,0x0000000740196948,0x000000074ab00000)
 Metaspace       used 17613K, capacity 17866K, committed 17920K, reserved 1064960K
  class space    used 1940K, capacity 2019K, committed 2048K, reserved 1048576K
Event: 3,024 GC heap after
Heap after GC invocations=3 (full 0):
 PSYoungGen      total 76288K, used 10740K [0x0000000795580000, 0x000000079ea80000, 0x00000007c0000000)
  eden space 65536K, 0% used [0x0000000795580000,0x0000000795580000,0x0000000799580000)
  from space 10752K, 99% used [0x0000000799580000,0x0000000799ffd200,0x000000079a000000)
  to   space 10752K, 0% used [0x000000079e000000,0x000000079e000000,0x000000079ea80000)
 ParOldGen       total 175104K, used 8179K [0x0000000740000000, 0x000000074ab00000, 0x0000000795580000)
  object space 175104K, 4% used [0x0000000740000000,0x00000007407fcdf8,0x000000074ab00000)
 Metaspace       used 17613K, capacity 17866K, committed 17920K, reserved 1064960K
  class space    used 1940K, capacity 2019K, committed 2048K, reserved 1048576K
}
Event: 3,400 GC heap before
{Heap before GC invocations=4 (full 0):
 PSYoungGen      total 76288K, used 76276K [0x0000000795580000, 0x000000079ea80000, 0x00000007c0000000)
  eden space 65536K, 100% used [0x0000000795580000,0x0000000799580000,0x0000000799580000)
  from space 10752K, 99% used [0x0000000799580000,0x0000000799ffd200,0x000000079a000000)
  to   space 10752K, 0% used [0x000000079e000000,0x000000079e000000,0x000000079ea80000)
 ParOldGen       total 175104K, used 8179K [0x0000000740000000, 0x000000074ab00000, 0x0000000795580000)
  object space 175104K, 4% used [0x0000000740000000,0x00000007407fcdf8,0x000000074ab00000)
 Metaspace       used 17909K, capacity 18236K, committed 18560K, reserved 1064960K
  class space    used 1952K, capacity 2054K, committed 2176K, reserved 1048576K
Event: 3,421 GC heap after
Heap after GC invocations=4 (full 0):
 PSYoungGen      total 141824K, used 10742K [0x0000000795580000, 0x000000079ea80000, 0x00000007c0000000)
  eden space 131072K, 0% used [0x0000000795580000,0x0000000795580000,0x000000079d580000)
  from space 10752K, 99% used [0x000000079e000000,0x000000079ea7dad0,0x000000079ea80000)
  to   space 10752K, 0% used [0x000000079d580000,0x000000079d580000,0x000000079e000000)
 ParOldGen       total 175104K, used 15057K [0x0000000740000000, 0x000000074ab00000, 0x0000000795580000)
  object space 175104K, 8% used [0x0000000740000000,0x0000000740eb4720,0x000000074ab00000)
 Metaspace       used 17909K, capacity 18236K, committed 18560K, reserved 1064960K
  class space    used 1952K, capacity 2054K, committed 2176K, reserved 1048576K
}
Event: 4,443 GC heap before
{Heap before GC invocations=5 (full 0):
 PSYoungGen      total 141824K, used 139774K [0x0000000795580000, 0x000000079ea80000, 0x00000007c0000000)
  eden space 131072K, 98% used [0x0000000795580000,0x000000079d381ed0,0x000000079d580000)
  from space 10752K, 99% used [0x000000079e000000,0x000000079ea7dad0,0x000000079ea80000)
  to   space 10752K, 0% used [0x000000079d580000,0x000000079d580000,0x000000079e000000)
 ParOldGen       total 175104K, used 15057K [0x0000000740000000, 0x000000074ab00000, 0x0000000795580000)
  object space 175104K, 8% used [0x0000000740000000,0x0000000740eb4720,0x000000074ab00000)
 Metaspace       used 20672K, capacity 21078K, committed 21248K, reserved 1069056K
  class space    used 2266K, capacity 2461K, committed 2560K, reserved 1048576K
Event: 4,472 GC heap after
Heap after GC invocations=5 (full 0):
 PSYoungGen      total 141824K, used 10740K [0x0000000795580000, 0x00000007a8a80000, 0x00000007c0000000)
  eden space 131072K, 0% used [0x0000000795580000,0x0000000795580000,0x000000079d580000)
  from space 10752K, 99% used [0x000000079d580000,0x000000079dffd220,0x000000079e000000)
  to   space 27136K, 0% used [0x00000007a7000000,0x00000007a7000000,0x00000007a8a80000)
 ParOldGen       total 175104K, used 29957K [0x0000000740000000, 0x000000074ab00000, 0x0000000795580000)
  object space 175104K, 17% used [0x0000000740000000,0x0000000741d417c0,0x000000074ab00000)
 Metaspace       used 20672K, capacity 21078K, committed 21248K, reserved 1069056K
  class space    used 2266K, capacity 2461K, committed 2560K, reserved 1048576K
}
Event: 4,472 GC heap before
{Heap before GC invocations=6 (full 1):
 PSYoungGen      total 141824K, used 10740K [0x0000000795580000, 0x00000007a8a80000, 0x00000007c0000000)
  eden space 131072K, 0% used [0x0000000795580000,0x0000000795580000,0x000000079d580000)
  from space 10752K, 99% used [0x000000079d580000,0x000000079dffd220,0x000000079e000000)
  to   space 27136K, 0% used [0x00000007a7000000,0x00000007a7000000,0x00000007a8a80000)
 ParOldGen       total 175104K, used 29957K [0x0000000740000000, 0x000000074ab00000, 0x0000000795580000)
  object space 175104K, 17% used [0x0000000740000000,0x0000000741d417c0,0x000000074ab00000)
 Metaspace       used 20672K, capacity 21078K, committed 21248K, reserved 1069056K
  class space    used 2266K, capacity 2461K, committed 2560K, reserved 1048576K
Event: 4,617 GC heap after
Heap after GC invocations=6 (full 1):
 PSYoungGen      total 141824K, used 0K [0x0000000795580000, 0x00000007a8a80000, 0x00000007c0000000)
  eden space 131072K, 0% used [0x0000000795580000,0x0000000795580000,0x000000079d580000)
  from space 10752K, 0% used [0x000000079d580000,0x000000079d580000,0x000000079e000000)
  to   space 27136K, 0% used [0x00000007a7000000,0x00000007a7000000,0x00000007a8a80000)
 ParOldGen       total 175104K, used 37432K [0x0000000740000000, 0x000000074ab00000, 0x0000000795580000)
  object space 175104K, 21% used [0x0000000740000000,0x000000074248e100,0x000000074ab00000)
 Metaspace       used 20672K, capacity 21078K, committed 21248K, reserved 1069056K
  class space    used 2266K, capacity 2461K, committed 2560K, reserved 1048576K
}
Event: 6,231 GC heap before
{Heap before GC invocations=7 (full 1):
 PSYoungGen      total 141824K, used 131072K [0x0000000795580000, 0x00000007a8a80000, 0x00000007c0000000)
  eden space 131072K, 100% used [0x0000000795580000,0x000000079d580000,0x000000079d580000)
  from space 10752K, 0% used [0x000000079d580000,0x000000079d580000,0x000000079e000000)
  to   space 27136K, 0% used [0x00000007a7000000,0x00000007a7000000,0x00000007a8a80000)
 ParOldGen       total 175104K, used 37432K [0x0000000740000000, 0x000000074ab00000, 0x0000000795580000)
  object space 175104K, 21% used [0x0000000740000000,0x000000074248e100,0x000000074ab00000)
 Metaspace       used 27116K, capacity 28114K, committed 28416K, reserved 1075200K
  class space    used 3080K, capacity 3480K, committed 3584K, reserved 1048576K
Event: 6,256 GC heap after
Heap after GC invocations=7 (full 1):
 PSYoungGen      total 206848K, used 17949K [0x0000000795580000, 0x00000007a8200000, 0x00000007c0000000)
  eden space 188416K, 0% used [0x0000000795580000,0x0000000795580000,0x00000007a0d80000)
  from space 18432K, 97% used [0x00000007a7000000,0x00000007a8187550,0x00000007a8200000)
  to   space 26112K, 0% used [0x00000007a4f00000,0x00000007a4f00000,0x00000007a6880000)
 ParOldGen       total 175104K, used 37440K [0x0000000740000000, 0x000000074ab00000, 0x0000000795580000)
  object space 175104K, 21% used [0x0000000740000000,0x0000000742490100,0x000000074ab00000)
 Metaspace       used 27116K, capacity 28114K, committed 28416K, reserved 1075200K
  class space    used 3080K, capacity 3480K, committed 3584K, reserved 1048576K
}

